Drill report for nascontrol-remote.kicad_pcb
Created on Sat Jan 21 14:42:24 2023

Copper Layer Stackup:
    =============================================================
    L1 :  F.Cu                      front
    L2 :  B.Cu                      back


Drill file 'nascontrol-remote-PTH.drl' contains
    plated through holes:
    =============================================================
    T1  0.400mm  0.0157"  (43 holes)
    T2  0.890mm  0.0350"  (12 holes)
    T3  0.950mm  0.0374"  (8 holes)
    T4  1.000mm  0.0394"  (40 holes)
    T5  1.570mm  0.0618"  (2 holes)
    T6  2.300mm  0.0906"  (4 holes)
    T7  3.200mm  0.1260"  (1 hole)

    Total plated holes count 110


Drill file 'nascontrol-remote-NPTH.drl' contains
    unplated through holes:
    =============================================================
    T1  3.200mm  0.1260"  (1 hole)
    T2  3.250mm  0.1280"  (2 holes)

    Total unplated holes count 3
